[2020-06-09T23:35:44.480] [DEBUG] cheese - login => username:zs,password:123456
[2020-06-09T23:35:44.484] [DEBUG] cheese - zs
[2020-06-09T23:35:44.500] [DEBUG] cheese - null
[2020-06-09T23:35:44.504] [DEBUG] cheese - null
[2020-06-09T23:36:15.065] [DEBUG] cheese - login => username:admin,password:123456
[2020-06-09T23:36:15.065] [DEBUG] cheese - admin
[2020-06-09T23:36:15.077] [DEBUG] cheese - null
[2020-06-09T23:36:15.079] [DEBUG] cheese - null
[2020-06-10T15:23:28.548] [DEBUG] cheese - login => username:admin,password:123456
[2020-06-10T15:23:28.551] [DEBUG] cheese - admin
[2020-06-10T15:23:28.625] [DEBUG] cheese - null
[2020-06-10T15:23:28.625] [DEBUG] cheese - null
[2020-06-10T15:52:10.214] [DEBUG] cheese - login => username:admin,password:123456
[2020-06-10T15:52:10.215] [DEBUG] cheese - admin
[2020-06-10T15:52:10.226] [DEBUG] cheese - null
[2020-06-10T15:52:10.227] [DEBUG] cheese - null
[2020-06-10T15:52:14.450] [DEBUG] cheese - login => username:admin123,password:123456
[2020-06-10T15:52:14.454] [DEBUG] cheese - admin123
[2020-06-10T15:52:14.458] [DEBUG] cheese - null
[2020-06-10T15:52:14.458] [DEBUG] cheese - null
[2020-06-10T16:00:45.943] [DEBUG] cheese - login => username:admin,password:123456
[2020-06-10T16:00:45.947] [DEBUG] cheese - admin
[2020-06-10T16:00:45.959] [DEBUG] cheese - null
[2020-06-10T16:00:45.959] [DEBUG] cheese - null
[2020-06-10T16:00:52.303] [DEBUG] cheese - login => username:admin,password:12345612321
[2020-06-10T16:00:52.305] [DEBUG] cheese - admin
[2020-06-10T16:00:52.311] [DEBUG] cheese - null
[2020-06-10T16:00:52.311] [DEBUG] cheese - null
[2020-06-10T16:08:37.873] [DEBUG] cheese - login => username:admin,password:123456
[2020-06-10T16:08:37.873] [DEBUG] cheese - admin
[2020-06-10T16:08:37.877] [DEBUG] cheese - null
[2020-06-10T16:08:37.877] [DEBUG] cheese - null
[2020-06-10T16:11:08.288] [DEBUG] cheese - login => username:admin,password:123456
[2020-06-10T16:11:08.288] [DEBUG] cheese - admin
[2020-06-10T16:11:08.292] [DEBUG] cheese - null
[2020-06-10T16:11:08.292] [DEBUG] cheese - null
[2020-06-10T16:33:20.283] [DEBUG] cheese - login => username:admin,password:123456
[2020-06-10T16:33:20.283] [DEBUG] cheese - admin
[2020-06-10T16:33:20.290] [DEBUG] cheese - null
[2020-06-10T16:33:20.290] [DEBUG] cheese - null
[2020-06-10T17:25:26.510] [DEBUG] cheese - login => username:admin,password:123456
[2020-06-10T17:25:26.511] [DEBUG] cheese - admin
[2020-06-10T17:25:26.521] [DEBUG] cheese - null
[2020-06-10T17:25:26.521] [DEBUG] cheese - null
[2020-06-10T18:53:03.636] [DEBUG] cheese - login => username:admin,password:123456
[2020-06-10T18:53:03.637] [DEBUG] cheese - admin
[2020-06-10T18:53:03.657] [DEBUG] cheese - null
[2020-06-10T18:53:03.657] [DEBUG] cheese - null
[2020-06-10T19:35:34.644] [DEBUG] cheese - login => username:admin,password:123456
[2020-06-10T19:35:34.646] [DEBUG] cheese - admin
[2020-06-10T19:35:34.651] [DEBUG] cheese - null
[2020-06-10T19:35:34.651] [DEBUG] cheese - null
[2020-06-10T21:46:38.813] [DEBUG] cheese - login => username:admin,password:123456
[2020-06-10T21:46:38.818] [DEBUG] cheese - admin
[2020-06-10T21:46:38.825] [DEBUG] cheese - null
[2020-06-10T21:46:38.825] [DEBUG] cheese - null
[2020-06-10T21:48:19.289] [DEBUG] cheese - login => username:admin,password:123456
[2020-06-10T21:48:19.290] [DEBUG] cheese - admin
[2020-06-10T21:48:19.296] [DEBUG] cheese - null
[2020-06-10T21:48:19.297] [DEBUG] cheese - null
[2020-06-10T22:28:25.641] [DEBUG] cheese - login => username:admin,password:123456
[2020-06-10T22:28:25.644] [DEBUG] cheese - admin
[2020-06-10T22:28:25.650] [DEBUG] cheese - null
[2020-06-10T22:28:25.650] [DEBUG] cheese - null
[2020-06-10T22:28:32.809] [DEBUG] cheese - login => username:admin,password:123456
[2020-06-10T22:28:32.809] [DEBUG] cheese - admin
[2020-06-10T22:28:32.813] [DEBUG] cheese - null
[2020-06-10T22:28:32.813] [DEBUG] cheese - null
[2020-06-10T22:29:44.913] [DEBUG] cheese - login => username:admin,password:123456
[2020-06-10T22:29:44.913] [DEBUG] cheese - admin
[2020-06-10T22:29:44.915] [DEBUG] cheese - null
[2020-06-10T22:29:44.915] [DEBUG] cheese - null
[2020-06-10T22:29:57.096] [DEBUG] cheese - login => username:admin,password:123456
[2020-06-10T22:29:57.096] [DEBUG] cheese - admin
[2020-06-10T22:29:57.100] [DEBUG] cheese - null
[2020-06-10T22:29:57.100] [DEBUG] cheese - null
[2020-06-10T22:30:49.536] [DEBUG] cheese - login => username:admin,password:123456
[2020-06-10T22:30:49.536] [DEBUG] cheese - admin
[2020-06-10T22:30:49.538] [DEBUG] cheese - null
[2020-06-10T22:30:49.539] [DEBUG] cheese - null
[2020-06-10T22:38:19.236] [DEBUG] cheese - login => username:admin,password:123456
[2020-06-10T22:38:19.238] [DEBUG] cheese - admin
[2020-06-10T22:38:19.251] [DEBUG] cheese - null
[2020-06-10T22:38:19.251] [DEBUG] cheese - null
[2020-06-10T22:39:58.067] [DEBUG] cheese - login => username:admin,password:123456
[2020-06-10T22:39:58.068] [DEBUG] cheese - admin
[2020-06-10T22:39:58.078] [DEBUG] cheese - null
[2020-06-10T22:39:58.078] [DEBUG] cheese - null
[2020-06-10T22:51:55.369] [DEBUG] cheese - login => username:admin,password:123456
[2020-06-10T22:51:55.369] [DEBUG] cheese - admin
[2020-06-10T22:51:55.372] [DEBUG] cheese - null
[2020-06-10T22:51:55.372] [DEBUG] cheese - null
[2020-06-11T00:32:26.356] [DEBUG] cheese - login => username:admin,password:123456
[2020-06-11T00:32:26.361] [DEBUG] cheese - admin
[2020-06-11T00:32:26.371] [DEBUG] cheese - null
[2020-06-11T00:32:26.371] [DEBUG] cheese - null
[2020-06-11T11:21:40.007] [DEBUG] cheese - login => username:admin,password:123456
[2020-06-11T11:21:40.015] [DEBUG] cheese - admin
[2020-06-11T11:21:40.137] [DEBUG] cheese - null
[2020-06-11T11:21:40.161] [DEBUG] cheese - null
[2020-06-11T14:56:33.841] [DEBUG] cheese - login => username:admin,password:123456
[2020-06-11T14:56:33.850] [DEBUG] cheese - admin
[2020-06-11T14:56:33.862] [DEBUG] cheese - null
[2020-06-11T14:56:33.862] [DEBUG] cheese - null
[2020-06-11T15:35:49.543] [DEBUG] cheese - login => username:admin,password:123456
[2020-06-11T15:35:49.546] [DEBUG] cheese - admin
[2020-06-11T15:35:49.562] [DEBUG] cheese - null
[2020-06-11T15:35:49.567] [DEBUG] cheese - null
[2020-06-11T15:37:59.912] [DEBUG] cheese - login => username:admin,password:123456
[2020-06-11T15:37:59.912] [DEBUG] cheese - admin
[2020-06-11T15:37:59.915] [DEBUG] cheese - null
[2020-06-11T15:37:59.915] [DEBUG] cheese - null
[2020-06-11T15:52:42.177] [DEBUG] cheese - login => username:admin,password:123456
[2020-06-11T15:52:42.178] [DEBUG] cheese - admin
[2020-06-11T15:52:42.193] [DEBUG] cheese - null
[2020-06-11T15:52:42.193] [DEBUG] cheese - null
[2020-06-11T16:00:45.082] [DEBUG] cheese - login => username:admin,password:123456
[2020-06-11T16:00:45.083] [DEBUG] cheese - admin
[2020-06-11T16:00:45.086] [DEBUG] cheese - null
[2020-06-11T16:00:45.086] [DEBUG] cheese - null
[2020-06-11T17:05:49.272] [DEBUG] cheese - null
[2020-06-11T17:30:20.360] [DEBUG] cheese - login => username:admin,password:123456
[2020-06-11T17:30:20.360] [DEBUG] cheese - admin
[2020-06-11T17:30:20.365] [DEBUG] cheese - null
[2020-06-11T17:30:20.366] [DEBUG] cheese - null
[2020-06-11T17:51:14.439] [DEBUG] cheese - login => username:admin,password:123456
[2020-06-11T17:51:14.439] [DEBUG] cheese - admin
[2020-06-11T17:51:14.442] [DEBUG] cheese - null
[2020-06-11T17:51:14.442] [DEBUG] cheese - null
[2020-06-11T17:56:11.367] [DEBUG] cheese - login => username:admin,password:123456
[2020-06-11T17:56:11.367] [DEBUG] cheese - admin
[2020-06-11T17:56:11.369] [DEBUG] cheese - null
[2020-06-11T17:56:11.369] [DEBUG] cheese - null
[2020-06-11T21:32:10.090] [DEBUG] cheese - login => username:admin,password:123456
[2020-06-11T21:32:10.094] [DEBUG] cheese - admin
[2020-06-11T21:32:10.097] [DEBUG] cheese - null
[2020-06-11T21:32:10.098] [DEBUG] cheese - null
[2020-06-11T22:13:16.111] [DEBUG] cheese - login => username:admin,password:123456
[2020-06-11T22:13:16.112] [DEBUG] cheese - admin
[2020-06-11T22:13:16.117] [DEBUG] cheese - null
[2020-06-11T22:13:16.118] [DEBUG] cheese - null
[2020-06-11T22:13:37.223] [DEBUG] cheese - null
[2020-06-12T00:36:44.030] [DEBUG] cheese - login => username:admin,password:123456
[2020-06-12T00:36:44.032] [DEBUG] cheese - admin
[2020-06-12T00:36:44.036] [DEBUG] cheese - null
[2020-06-12T00:36:44.036] [DEBUG] cheese - null
[2020-06-12T12:28:05.974] [DEBUG] cheese - login => username:admin,password:123456
[2020-06-12T12:28:05.976] [DEBUG] cheese - admin
[2020-06-12T12:28:05.995] [DEBUG] cheese - null
[2020-06-12T12:28:05.996] [DEBUG] cheese - null
[2020-06-12T13:41:53.834] [DEBUG] cheese - login => username:admin,password:123456
[2020-06-12T13:41:53.835] [DEBUG] cheese - admin
[2020-06-12T13:41:53.848] [DEBUG] cheese - null
[2020-06-12T13:41:53.849] [DEBUG] cheese - null
[2020-06-12T13:44:19.015] [DEBUG] cheese - login => username:admin,password:12345678
[2020-06-12T13:44:19.016] [DEBUG] cheese - admin
[2020-06-12T13:44:19.025] [DEBUG] cheese - null
[2020-06-12T13:44:19.025] [DEBUG] cheese - null
[2020-06-12T13:44:28.355] [DEBUG] cheese - login => username:admin,password:123456
[2020-06-12T13:44:28.355] [DEBUG] cheese - admin
[2020-06-12T13:44:28.358] [DEBUG] cheese - null
[2020-06-12T13:44:28.358] [DEBUG] cheese - null
[2020-06-12T14:07:15.926] [DEBUG] cheese - login => username:admin,password:123456
[2020-06-12T14:07:15.928] [DEBUG] cheese - admin
[2020-06-12T14:07:15.933] [DEBUG] cheese - null
[2020-06-12T14:07:15.933] [DEBUG] cheese - null
[2020-06-12T14:46:44.254] [DEBUG] cheese - login => username:admin,password:123456
[2020-06-12T14:46:44.256] [DEBUG] cheese - admin
[2020-06-12T14:46:44.260] [DEBUG] cheese - null
[2020-06-12T14:46:44.260] [DEBUG] cheese - null
[2020-06-12T17:20:03.850] [DEBUG] cheese - login => username:admin,password:123456
[2020-06-12T17:20:03.854] [DEBUG] cheese - admin
[2020-06-12T17:20:03.865] [DEBUG] cheese - null
[2020-06-12T17:20:03.866] [DEBUG] cheese - null
[2020-06-12T17:44:19.451] [DEBUG] cheese - login => username:admin,password:123456
[2020-06-12T17:44:19.456] [DEBUG] cheese - admin
[2020-06-12T17:44:19.467] [DEBUG] cheese - null
[2020-06-12T17:44:19.468] [DEBUG] cheese - null
[2020-06-12T17:59:29.359] [DEBUG] cheese - login => username:admin,password:123456
[2020-06-12T17:59:29.359] [DEBUG] cheese - admin
[2020-06-12T17:59:29.366] [DEBUG] cheese - null
[2020-06-12T17:59:29.367] [DEBUG] cheese - null
[2020-06-12T18:04:21.053] [DEBUG] cheese - login => username:admin,password:123456
[2020-06-12T18:04:21.054] [DEBUG] cheese - admin
[2020-06-12T18:04:21.061] [DEBUG] cheese - null
[2020-06-12T18:04:21.061] [DEBUG] cheese - null
[2020-06-12T21:47:57.177] [DEBUG] cheese - login => username:admin,password:123456
[2020-06-12T21:47:57.180] [DEBUG] cheese - admin
[2020-06-12T21:47:57.189] [DEBUG] cheese - null
[2020-06-12T21:47:57.189] [DEBUG] cheese - null
[2020-06-12T21:58:21.069] [DEBUG] cheese - login => username:admin,password:123456
[2020-06-12T21:58:21.073] [DEBUG] cheese - admin
[2020-06-12T21:58:21.082] [DEBUG] cheese - null
[2020-06-12T21:58:21.083] [DEBUG] cheese - null
[2020-06-13T00:27:16.557] [DEBUG] cheese - login => username:admin,password:123456
[2020-06-13T00:27:16.561] [DEBUG] cheese - admin
[2020-06-13T00:27:16.572] [DEBUG] cheese - null
[2020-06-13T00:27:16.573] [DEBUG] cheese - null
[2020-06-13T01:01:11.532] [DEBUG] cheese - login => username:admin,password:123456
[2020-06-13T01:01:11.534] [DEBUG] cheese - admin
[2020-06-13T01:01:11.542] [DEBUG] cheese - null
[2020-06-13T01:01:11.543] [DEBUG] cheese - null
[2020-06-13T01:19:44.521] [DEBUG] cheese - login => username:admin,password:123456
[2020-06-13T01:19:44.523] [DEBUG] cheese - admin
[2020-06-13T01:19:44.532] [DEBUG] cheese - null
[2020-06-13T01:19:44.532] [DEBUG] cheese - null
[2020-06-19T01:07:20.915] [DEBUG] cheese - login => username:admin,password:123456
[2020-06-19T01:07:20.923] [DEBUG] cheese - admin
[2020-06-19T01:07:20.959] [DEBUG] cheese - null
[2020-06-19T01:07:20.960] [DEBUG] cheese - null
[2020-06-19T01:15:01.590] [DEBUG] cheese - login => username:admin,password:123456
[2020-06-19T01:15:01.592] [DEBUG] cheese - admin
[2020-06-19T01:15:01.596] [DEBUG] cheese - null
[2020-06-19T01:15:01.597] [DEBUG] cheese - null
[2020-06-19T01:27:13.956] [DEBUG] cheese - login => username:admin,password:123456
[2020-06-19T01:27:13.957] [DEBUG] cheese - admin
[2020-06-19T01:27:13.961] [DEBUG] cheese - null
[2020-06-19T01:27:13.961] [DEBUG] cheese - null
[2020-06-19T01:31:52.683] [DEBUG] cheese - login => username:admin,password:123456
[2020-06-19T01:31:52.683] [DEBUG] cheese - admin
[2020-06-19T01:31:52.686] [DEBUG] cheese - null
[2020-06-19T01:31:52.686] [DEBUG] cheese - null
[2020-06-19T01:32:46.121] [DEBUG] cheese - null
[2020-06-19T01:33:45.896] [DEBUG] cheese - login => username:admin,password:123456
[2020-06-19T01:33:45.896] [DEBUG] cheese - admin
[2020-06-19T01:33:45.899] [DEBUG] cheese - null
[2020-06-19T01:33:45.899] [DEBUG] cheese - null
[2020-06-19T01:35:04.979] [DEBUG] cheese - login => username:admin,password:123456
[2020-06-19T01:35:04.979] [DEBUG] cheese - admin
[2020-06-19T01:35:04.983] [DEBUG] cheese - null
[2020-06-19T01:35:04.983] [DEBUG] cheese - null
[2020-06-19T01:35:36.827] [DEBUG] cheese - null
[2020-06-19T01:38:06.838] [DEBUG] cheese - login => username:admin,password:123456
[2020-06-19T01:38:06.841] [DEBUG] cheese - admin
[2020-06-19T01:38:06.849] [DEBUG] cheese - null
[2020-06-19T01:38:06.850] [DEBUG] cheese - null
[2020-06-19T01:48:47.748] [DEBUG] cheese - login => username:admin,password:123456
[2020-06-19T01:48:47.749] [DEBUG] cheese - admin
[2020-06-19T01:48:47.753] [DEBUG] cheese - null
[2020-06-19T01:48:47.753] [DEBUG] cheese - null
[2020-06-19T01:56:10.086] [DEBUG] cheese - null
[2020-06-19T02:02:13.281] [DEBUG] cheese - login => username:admin,password:123456
[2020-06-19T02:02:13.281] [DEBUG] cheese - admin
[2020-06-19T02:02:13.283] [DEBUG] cheese - null
[2020-06-19T02:02:13.283] [DEBUG] cheese - null
[2020-06-19T02:05:03.825] [DEBUG] cheese - login => username:admin,password:123456
[2020-06-19T02:05:03.825] [DEBUG] cheese - admin
[2020-06-19T02:05:03.827] [DEBUG] cheese - null
[2020-06-19T02:05:03.827] [DEBUG] cheese - null
[2020-06-19T02:06:28.336] [DEBUG] cheese - null
[2020-06-19T02:09:20.928] [DEBUG] cheese - login => username:admin,password:123456
[2020-06-19T02:09:20.929] [DEBUG] cheese - admin
[2020-06-19T02:09:20.933] [DEBUG] cheese - null
[2020-06-19T02:09:20.933] [DEBUG] cheese - null
[2020-06-19T02:09:26.243] [DEBUG] cheese - login => username:admin,password:123456
[2020-06-19T02:09:26.243] [DEBUG] cheese - admin
[2020-06-19T02:09:26.245] [DEBUG] cheese - null
[2020-06-19T02:09:26.245] [DEBUG] cheese - null
[2020-06-19T02:54:21.357] [DEBUG] cheese - login => username:admin,password:123456
[2020-06-19T02:54:21.359] [DEBUG] cheese - admin
[2020-06-19T02:54:21.363] [DEBUG] cheese - null
[2020-06-19T02:54:21.363] [DEBUG] cheese - null
[2020-06-19T02:55:15.869] [DEBUG] cheese - null
[2020-06-19T02:55:36.282] [DEBUG] cheese - login => username:admin,password:123456
[2020-06-19T02:55:36.283] [DEBUG] cheese - admin
[2020-06-19T02:55:36.284] [DEBUG] cheese - null
[2020-06-19T02:55:36.284] [DEBUG] cheese - null
[2020-06-19T03:36:31.546] [DEBUG] cheese - login => username:admin,password:123456
[2020-06-19T03:36:31.547] [DEBUG] cheese - admin
[2020-06-19T03:36:31.555] [DEBUG] cheese - null
[2020-06-19T03:36:31.555] [DEBUG] cheese - null
[2020-06-19T03:44:00.993] [DEBUG] cheese - login => username:admin,password:123456
[2020-06-19T03:44:00.995] [DEBUG] cheese - admin
[2020-06-19T03:44:01.028] [DEBUG] cheese - null
[2020-06-19T03:44:01.029] [DEBUG] cheese - null
